🖥️  BombiCoda Training Monitor Started - Sun Feb  8 01:29:37 PM CET 2026
Monitoring interval: 30 minutes
----------------------------------------
[2026-02-08 13:29:37] STATUS: RUNNING | STEP: 25 | EPOCH: 0.027 | CPU: 92.6% | MEM: 1.2% | RUNTIME: 0:07
[2026-02-08 13:59:37] STATUS: RUNNING | STEP: 25 | EPOCH: 0.027 | CPU: 292% | MEM: 35.0% | RUNTIME: 88:02
[2026-02-08 14:29:39] STATUS: RUNNING | STEP: 25 | EPOCH: 0.027 | CPU: 316% | MEM: 23.9% | RUNTIME: 190:23
[2026-02-08 14:59:39] STATUS: RUNNING | STEP: 25 | EPOCH: 0.027 | CPU: 329% | MEM: 24.0% | RUNTIME: 296:56
[2026-02-08 15:29:39] STATUS: RUNNING | STEP: 25 | EPOCH: 0.027 | CPU: 332% | MEM: 24.0% | RUNTIME: 399:30
[2026-02-08 15:59:40] STATUS: RUNNING | STEP: 25 | EPOCH: 0.027 | CPU: 340% | MEM: 32.9% | RUNTIME: 511:01
[2026-02-08 16:29:40] STATUS: RUNNING | STEP: 25 | EPOCH: 0.027 | CPU: 339% | MEM: 24.0% | RUNTIME: 611:51
[2026-02-08 16:59:40] STATUS: RUNNING | STEP: 25 | EPOCH: 0.027 | CPU: 345% | MEM: 24.0% | RUNTIME: 725:24
[2026-02-08 17:29:40] STATUS: RUNNING | STEP: 25 | EPOCH: 0.027 | CPU: 344% | MEM: 24.0% | RUNTIME: 826:16
[2026-02-08 17:59:40] STATUS: RUNNING | STEP: 25 | EPOCH: 0.027 | CPU: 347% | MEM: 24.0% | RUNTIME: 937:51
[2026-02-08 18:29:41] STATUS: RUNNING | STEP: 25 | EPOCH: 0.027 | CPU: 348% | MEM: 24.0% | RUNTIME: 1047:20
[2026-02-08 18:59:41] STATUS: RUNNING | STEP: 25 | EPOCH: 0.027 | CPU: 352% | MEM: 24.0% | RUNTIME: 1163:14
[2026-02-08 19:29:41] STATUS: RUNNING | STEP: 25 | EPOCH: 0.027 | CPU: 354% | MEM: 24.0% | RUNTIME: 1277:11
[2026-02-08 19:59:41] STATUS: RUNNING | STEP: 25 | EPOCH: 0.027 | CPU: 355% | MEM: 25.4% | RUNTIME: 1387:35
🖥️  BombiCoda Training Monitor Started - Sun Feb  8 08:27:42 PM CET 2026
Monitoring interval: 30 minutes
----------------------------------------
[2026-02-08 20:27:42] STATUS: RUNNING | STEP: 175 | EPOCH: 0.190 | CPU: 357% | MEM: 31.5% | RUNTIME: 1496:08
[2026-02-08 20:29:41] STATUS: RUNNING | STEP: 25 | EPOCH: 0.027 | CPU: 357% | MEM: 31.8% | RUNTIME: 1503:16
[2026-02-08 20:57:42] STATUS: RUNNING | STEP: 175 | EPOCH: 0.190 | CPU: 358% | MEM: 24.0% | RUNTIME: 1608:50
[2026-02-08 20:59:42] STATUS: RUNNING | STEP: 25 | EPOCH: 0.027 | CPU: 359% | MEM: 24.0% | RUNTIME: 1616:46
[2026-02-08 21:27:42] STATUS: RUNNING | STEP: 200 | EPOCH: 0.218 | CPU: 359% | MEM: 24.0% | RUNTIME: 1721:06
[2026-02-08 21:29:42] STATUS: RUNNING | STEP: 25 | EPOCH: 0.027 | CPU: 359% | MEM: 24.0% | RUNTIME: 1728:21
[2026-02-08 21:57:43] STATUS: RUNNING | STEP: 225 | EPOCH: 0.245 | CPU: 361% | MEM: 32.9% | RUNTIME: 1836:56
[2026-02-08 21:59:42] STATUS: RUNNING | STEP: 25 | EPOCH: 0.027 | CPU: 361% | MEM: 36.0% | RUNTIME: 1844:08
[2026-02-08 22:27:43] STATUS: RUNNING | STEP: 225 | EPOCH: 0.245 | CPU: 362% | MEM: 24.0% | RUNTIME: 1949:21
[2026-02-08 22:29:42] STATUS: RUNNING | STEP: 25 | EPOCH: 0.027 | CPU: 362% | MEM: 24.0% | RUNTIME: 1957:18
[2026-02-08 22:57:43] STATUS: RUNNING | STEP: 250 | EPOCH: 0.272 | CPU: 362% | MEM: 31.4% | RUNTIME: 2061:55
[2026-02-08 22:59:43] STATUS: RUNNING | STEP: 25 | EPOCH: 0.027 | CPU: 362% | MEM: 32.7% | RUNTIME: 2069:09
[2026-02-08 23:27:43] STATUS: RUNNING | STEP: 275 | EPOCH: 0.299 | CPU: 364% | MEM: 37.7% | RUNTIME: 2177:47
[2026-02-08 23:29:43] STATUS: RUNNING | STEP: 25 | EPOCH: 0.027 | CPU: 364% | MEM: 42.4% | RUNTIME: 2184:54
🖥️  BombiCoda Training Monitor Started - Sun Feb  8 11:31:59 PM CET 2026
Monitoring interval: 30 minutes
----------------------------------------
[2026-02-08 23:31:59] STATUS: RUNNING | STEP: 275 | EPOCH: 0.299 | CPU: 363% | MEM: 42.8% | RUNTIME: 2193:00
[2026-02-09 00:01:59] STATUS: RUNNING | STEP: 275 | EPOCH: 0.299 | CPU: 364% | MEM: 24.0% | RUNTIME: 2305:44
🖥️  BombiCoda Training Monitor Started - Mon Feb  9 10:00:21 AM CET 2026
Monitoring interval: 30 minutes
----------------------------------------
[2026-02-09 10:00:21] STATUS: RUNNING | STEP: 275 | EPOCH: 0.299 | CPU: 12.9% | MEM: 0.1% | RUNTIME: 0:00
[2026-02-09 10:30:21] STATUS: STOPPED - Training process not found
[2026-02-09 11:00:21] STATUS: STOPPED - Training process not found
[2026-02-09 11:30:21] STATUS: STOPPED - Training process not found
[2026-02-09 12:00:21] STATUS: RUNNING | STEP: 275 | EPOCH: 0.299 | CPU: 328% | MEM: 20.9% | RUNTIME: 16:47
